<?xml version="1.0" encoding="UTF-8"?>
<testsuite xmlns:xsi="http://www.w3.org/2001/XMLSchema-instance" xsi:noNamespaceSchemaLocation="https://maven.apache.org/surefire/maven-surefire-plugin/xsd/surefire-test-report.xsd" name="com.wck.AppTest" time="0.001" tests="1" errors="0" skipped="0" failures="0">
  <properties>
    <property name="sun.desktop" value="windows"/>
    <property name="awt.toolkit" value="sun.awt.windows.WToolkit"/>
    <property name="file.encoding.pkg" value="sun.io"/>
    <property name="java.specification.version" value="1.8"/>
    <property name="sun.cpu.isalist" value="amd64"/>
    <property name="sun.jnu.encoding" value="GBK"/>
    <property name="java.class.path" value="E:\newPro\myspring\target\test-classes;E:\newPro\myspring\target\classes;E:\repo\org\springframework\boot\spring-boot-starter-web\2.3.12.RELEASE\spring-boot-starter-web-2.3.12.RELEASE.jar;E:\repo\org\springframework\boot\spring-boot-starter\2.3.12.RELEASE\spring-boot-starter-2.3.12.RELEASE.jar;E:\repo\org\springframework\boot\spring-boot\2.3.12.RELEASE\spring-boot-2.3.12.RELEASE.jar;E:\repo\org\springframework\boot\spring-boot-autoconfigure\2.3.12.RELEASE\spring-boot-autoconfigure-2.3.12.RELEASE.jar;E:\repo\org\springframework\boot\spring-boot-starter-logging\2.3.12.RELEASE\spring-boot-starter-logging-2.3.12.RELEASE.jar;E:\repo\ch\qos\logback\logback-classic\1.2.3\logback-classic-1.2.3.jar;E:\repo\ch\qos\logback\logback-core\1.2.3\logback-core-1.2.3.jar;E:\repo\org\apache\logging\log4j\log4j-to-slf4j\2.13.3\log4j-to-slf4j-2.13.3.jar;E:\repo\org\apache\logging\log4j\log4j-api\2.13.3\log4j-api-2.13.3.jar;E:\repo\org\slf4j\jul-to-slf4j\1.7.30\jul-to-slf4j-1.7.30.jar;E:\repo\jakarta\annotation\jakarta.annotation-api\1.3.5\jakarta.annotation-api-1.3.5.jar;E:\repo\org\yaml\snakeyaml\1.26\snakeyaml-1.26.jar;E:\repo\org\springframework\boot\spring-boot-starter-json\2.3.12.RELEASE\spring-boot-starter-json-2.3.12.RELEASE.jar;E:\repo\com\fasterxml\jackson\core\jackson-databind\2.11.4\jackson-databind-2.11.4.jar;E:\repo\com\fasterxml\jackson\core\jackson-annotations\2.11.4\jackson-annotations-2.11.4.jar;E:\repo\com\fasterxml\jackson\core\jackson-core\2.11.4\jackson-core-2.11.4.jar;E:\repo\com\fasterxml\jackson\datatype\jackson-datatype-jdk8\2.11.4\jackson-datatype-jdk8-2.11.4.jar;E:\repo\com\fasterxml\jackson\datatype\jackson-datatype-jsr310\2.11.4\jackson-datatype-jsr310-2.11.4.jar;E:\repo\com\fasterxml\jackson\module\jackson-module-parameter-names\2.11.4\jackson-module-parameter-names-2.11.4.jar;E:\repo\org\springframework\boot\spring-boot-starter-tomcat\2.3.12.RELEASE\spring-boot-starter-tomcat-2.3.12.RELEASE.jar;E:\repo\org\apache\tomcat\embed\tomcat-embed-core\9.0.46\tomcat-embed-core-9.0.46.jar;E:\repo\org\glassfish\jakarta.el\3.0.3\jakarta.el-3.0.3.jar;E:\repo\org\apache\tomcat\embed\tomcat-embed-websocket\9.0.46\tomcat-embed-websocket-9.0.46.jar;E:\repo\org\springframework\spring-webmvc\5.2.15.RELEASE\spring-webmvc-5.2.15.RELEASE.jar;E:\repo\org\springframework\boot\spring-boot-starter-data-jpa\2.3.12.RELEASE\spring-boot-starter-data-jpa-2.3.12.RELEASE.jar;E:\repo\org\springframework\boot\spring-boot-starter-aop\2.3.12.RELEASE\spring-boot-starter-aop-2.3.12.RELEASE.jar;E:\repo\org\aspectj\aspectjweaver\1.9.6\aspectjweaver-1.9.6.jar;E:\repo\jakarta\transaction\jakarta.transaction-api\1.3.3\jakarta.transaction-api-1.3.3.jar;E:\repo\jakarta\persistence\jakarta.persistence-api\2.2.3\jakarta.persistence-api-2.2.3.jar;E:\repo\org\hibernate\hibernate-core\5.4.32.Final\hibernate-core-5.4.32.Final.jar;E:\repo\org\jboss\logging\jboss-logging\3.4.2.Final\jboss-logging-3.4.2.Final.jar;E:\repo\org\javassist\javassist\3.27.0-GA\javassist-3.27.0-GA.jar;E:\repo\net\bytebuddy\byte-buddy\1.10.22\byte-buddy-1.10.22.jar;E:\repo\antlr\antlr\2.7.7\antlr-2.7.7.jar;E:\repo\org\jboss\jandex\2.2.3.Final\jandex-2.2.3.Final.jar;E:\repo\com\fasterxml\classmate\1.5.1\classmate-1.5.1.jar;E:\repo\org\dom4j\dom4j\2.1.3\dom4j-2.1.3.jar;E:\repo\org\hibernate\common\hibernate-commons-annotations\5.1.2.Final\hibernate-commons-annotations-5.1.2.Final.jar;E:\repo\org\glassfish\jaxb\jaxb-runtime\2.3.4\jaxb-runtime-2.3.4.jar;E:\repo\jakarta\xml\bind\jakarta.xml.bind-api\2.3.3\jakarta.xml.bind-api-2.3.3.jar;E:\repo\org\glassfish\jaxb\txw2\2.3.4\txw2-2.3.4.jar;E:\repo\com\sun\istack\istack-commons-runtime\3.0.12\istack-commons-runtime-3.0.12.jar;E:\repo\com\sun\activation\jakarta.activation\1.2.2\jakarta.activation-1.2.2.jar;E:\repo\org\springframework\data\spring-data-jpa\2.3.9.RELEASE\spring-data-jpa-2.3.9.RELEASE.jar;E:\repo\org\springframework\data\spring-data-commons\2.3.9.RELEASE\spring-data-commons-2.3.9.RELEASE.jar;E:\repo\org\springframework\spring-orm\5.2.15.RELEASE\spring-orm-5.2.15.RELEASE.jar;E:\repo\org\springframework\spring-tx\5.2.15.RELEASE\spring-tx-5.2.15.RELEASE.jar;E:\repo\org\slf4j\slf4j-api\1.7.30\slf4j-api-1.7.30.jar;E:\repo\org\springframework\spring-aspects\5.2.15.RELEASE\spring-aspects-5.2.15.RELEASE.jar;E:\repo\org\springframework\boot\spring-boot-starter-jdbc\2.3.12.RELEASE\spring-boot-starter-jdbc-2.3.12.RELEASE.jar;E:\repo\com\zaxxer\HikariCP\3.4.5\HikariCP-3.4.5.jar;E:\repo\org\springframework\spring-jdbc\5.2.15.RELEASE\spring-jdbc-5.2.15.RELEASE.jar;E:\repo\com\alibaba\fastjson\1.2.15\fastjson-1.2.15.jar;E:\repo\org\springframework\spring-core\5.2.19.RELEASE\spring-core-5.2.19.RELEASE.jar;E:\repo\org\springframework\spring-jcl\5.2.15.RELEASE\spring-jcl-5.2.15.RELEASE.jar;E:\repo\org\springframework\spring-context\5.2.19.RELEASE\spring-context-5.2.19.RELEASE.jar;E:\repo\org\springframework\spring-beans\5.2.15.RELEASE\spring-beans-5.2.15.RELEASE.jar;E:\repo\org\springframework\spring-expression\5.2.15.RELEASE\spring-expression-5.2.15.RELEASE.jar;E:\repo\org\springframework\spring-aop\5.2.19.RELEASE\spring-aop-5.2.19.RELEASE.jar;E:\repo\org\springframework\spring-web\5.2.19.RELEASE\spring-web-5.2.19.RELEASE.jar;E:\repo\junit\junit\3.8.1\junit-3.8.1.jar;"/>
    <property name="java.vm.vendor" value="Oracle Corporation"/>
    <property name="sun.arch.data.model" value="64"/>
    <property name="user.variant" value=""/>
    <property name="java.vendor.url" value="http://java.oracle.com/"/>
    <property name="user.timezone" value="Asia/Shanghai"/>
    <property name="java.vm.specification.version" value="1.8"/>
    <property name="os.name" value="Windows 10"/>
    <property name="user.country" value="CN"/>
    <property name="sun.java.launcher" value="SUN_STANDARD"/>
    <property name="sun.boot.library.path" value="E:\jdk8\jre\bin"/>
    <property name="sun.java.command" value="C:\Users\after\AppData\Local\Temp\surefire8426268183301737586\surefirebooter1487825207959549555.jar C:\Users\after\AppData\Local\Temp\surefire8426268183301737586 2022-03-06T17-04-13_074-jvmRun1 surefire1479914405761243681tmp surefire_05594094850794045641tmp"/>
    <property name="surefire.test.class.path" value="E:\newPro\myspring\target\test-classes;E:\newPro\myspring\target\classes;E:\repo\org\springframework\boot\spring-boot-starter-web\2.3.12.RELEASE\spring-boot-starter-web-2.3.12.RELEASE.jar;E:\repo\org\springframework\boot\spring-boot-starter\2.3.12.RELEASE\spring-boot-starter-2.3.12.RELEASE.jar;E:\repo\org\springframework\boot\spring-boot\2.3.12.RELEASE\spring-boot-2.3.12.RELEASE.jar;E:\repo\org\springframework\boot\spring-boot-autoconfigure\2.3.12.RELEASE\spring-boot-autoconfigure-2.3.12.RELEASE.jar;E:\repo\org\springframework\boot\spring-boot-starter-logging\2.3.12.RELEASE\spring-boot-starter-logging-2.3.12.RELEASE.jar;E:\repo\ch\qos\logback\logback-classic\1.2.3\logback-classic-1.2.3.jar;E:\repo\ch\qos\logback\logback-core\1.2.3\logback-core-1.2.3.jar;E:\repo\org\apache\logging\log4j\log4j-to-slf4j\2.13.3\log4j-to-slf4j-2.13.3.jar;E:\repo\org\apache\logging\log4j\log4j-api\2.13.3\log4j-api-2.13.3.jar;E:\repo\org\slf4j\jul-to-slf4j\1.7.30\jul-to-slf4j-1.7.30.jar;E:\repo\jakarta\annotation\jakarta.annotation-api\1.3.5\jakarta.annotation-api-1.3.5.jar;E:\repo\org\yaml\snakeyaml\1.26\snakeyaml-1.26.jar;E:\repo\org\springframework\boot\spring-boot-starter-json\2.3.12.RELEASE\spring-boot-starter-json-2.3.12.RELEASE.jar;E:\repo\com\fasterxml\jackson\core\jackson-databind\2.11.4\jackson-databind-2.11.4.jar;E:\repo\com\fasterxml\jackson\core\jackson-annotations\2.11.4\jackson-annotations-2.11.4.jar;E:\repo\com\fasterxml\jackson\core\jackson-core\2.11.4\jackson-core-2.11.4.jar;E:\repo\com\fasterxml\jackson\datatype\jackson-datatype-jdk8\2.11.4\jackson-datatype-jdk8-2.11.4.jar;E:\repo\com\fasterxml\jackson\datatype\jackson-datatype-jsr310\2.11.4\jackson-datatype-jsr310-2.11.4.jar;E:\repo\com\fasterxml\jackson\module\jackson-module-parameter-names\2.11.4\jackson-module-parameter-names-2.11.4.jar;E:\repo\org\springframework\boot\spring-boot-starter-tomcat\2.3.12.RELEASE\spring-boot-starter-tomcat-2.3.12.RELEASE.jar;E:\repo\org\apache\tomcat\embed\tomcat-embed-core\9.0.46\tomcat-embed-core-9.0.46.jar;E:\repo\org\glassfish\jakarta.el\3.0.3\jakarta.el-3.0.3.jar;E:\repo\org\apache\tomcat\embed\tomcat-embed-websocket\9.0.46\tomcat-embed-websocket-9.0.46.jar;E:\repo\org\springframework\spring-webmvc\5.2.15.RELEASE\spring-webmvc-5.2.15.RELEASE.jar;E:\repo\org\springframework\boot\spring-boot-starter-data-jpa\2.3.12.RELEASE\spring-boot-starter-data-jpa-2.3.12.RELEASE.jar;E:\repo\org\springframework\boot\spring-boot-starter-aop\2.3.12.RELEASE\spring-boot-starter-aop-2.3.12.RELEASE.jar;E:\repo\org\aspectj\aspectjweaver\1.9.6\aspectjweaver-1.9.6.jar;E:\repo\jakarta\transaction\jakarta.transaction-api\1.3.3\jakarta.transaction-api-1.3.3.jar;E:\repo\jakarta\persistence\jakarta.persistence-api\2.2.3\jakarta.persistence-api-2.2.3.jar;E:\repo\org\hibernate\hibernate-core\5.4.32.Final\hibernate-core-5.4.32.Final.jar;E:\repo\org\jboss\logging\jboss-logging\3.4.2.Final\jboss-logging-3.4.2.Final.jar;E:\repo\org\javassist\javassist\3.27.0-GA\javassist-3.27.0-GA.jar;E:\repo\net\bytebuddy\byte-buddy\1.10.22\byte-buddy-1.10.22.jar;E:\repo\antlr\antlr\2.7.7\antlr-2.7.7.jar;E:\repo\org\jboss\jandex\2.2.3.Final\jandex-2.2.3.Final.jar;E:\repo\com\fasterxml\classmate\1.5.1\classmate-1.5.1.jar;E:\repo\org\dom4j\dom4j\2.1.3\dom4j-2.1.3.jar;E:\repo\org\hibernate\common\hibernate-commons-annotations\5.1.2.Final\hibernate-commons-annotations-5.1.2.Final.jar;E:\repo\org\glassfish\jaxb\jaxb-runtime\2.3.4\jaxb-runtime-2.3.4.jar;E:\repo\jakarta\xml\bind\jakarta.xml.bind-api\2.3.3\jakarta.xml.bind-api-2.3.3.jar;E:\repo\org\glassfish\jaxb\txw2\2.3.4\txw2-2.3.4.jar;E:\repo\com\sun\istack\istack-commons-runtime\3.0.12\istack-commons-runtime-3.0.12.jar;E:\repo\com\sun\activation\jakarta.activation\1.2.2\jakarta.activation-1.2.2.jar;E:\repo\org\springframework\data\spring-data-jpa\2.3.9.RELEASE\spring-data-jpa-2.3.9.RELEASE.jar;E:\repo\org\springframework\data\spring-data-commons\2.3.9.RELEASE\spring-data-commons-2.3.9.RELEASE.jar;E:\repo\org\springframework\spring-orm\5.2.15.RELEASE\spring-orm-5.2.15.RELEASE.jar;E:\repo\org\springframework\spring-tx\5.2.15.RELEASE\spring-tx-5.2.15.RELEASE.jar;E:\repo\org\slf4j\slf4j-api\1.7.30\slf4j-api-1.7.30.jar;E:\repo\org\springframework\spring-aspects\5.2.15.RELEASE\spring-aspects-5.2.15.RELEASE.jar;E:\repo\org\springframework\boot\spring-boot-starter-jdbc\2.3.12.RELEASE\spring-boot-starter-jdbc-2.3.12.RELEASE.jar;E:\repo\com\zaxxer\HikariCP\3.4.5\HikariCP-3.4.5.jar;E:\repo\org\springframework\spring-jdbc\5.2.15.RELEASE\spring-jdbc-5.2.15.RELEASE.jar;E:\repo\com\alibaba\fastjson\1.2.15\fastjson-1.2.15.jar;E:\repo\org\springframework\spring-core\5.2.19.RELEASE\spring-core-5.2.19.RELEASE.jar;E:\repo\org\springframework\spring-jcl\5.2.15.RELEASE\spring-jcl-5.2.15.RELEASE.jar;E:\repo\org\springframework\spring-context\5.2.19.RELEASE\spring-context-5.2.19.RELEASE.jar;E:\repo\org\springframework\spring-beans\5.2.15.RELEASE\spring-beans-5.2.15.RELEASE.jar;E:\repo\org\springframework\spring-expression\5.2.15.RELEASE\spring-expression-5.2.15.RELEASE.jar;E:\repo\org\springframework\spring-aop\5.2.19.RELEASE\spring-aop-5.2.19.RELEASE.jar;E:\repo\org\springframework\spring-web\5.2.19.RELEASE\spring-web-5.2.19.RELEASE.jar;E:\repo\junit\junit\3.8.1\junit-3.8.1.jar;"/>
    <property name="sun.cpu.endian" value="little"/>
    <property name="user.home" value="C:\Users\after"/>
    <property name="user.language" value="zh"/>
    <property name="java.specification.vendor" value="Oracle Corporation"/>
    <property name="java.home" value="E:\jdk8\jre"/>
    <property name="basedir" value="E:\newPro\myspring"/>
    <property name="file.separator" value="\"/>
    <property name="line.separator" value="&#10;"/>
    <property name="java.vm.specification.vendor" value="Oracle Corporation"/>
    <property name="java.specification.name" value="Java Platform API Specification"/>
    <property name="java.awt.graphicsenv" value="sun.awt.Win32GraphicsEnvironment"/>
    <property name="surefire.real.class.path" value="C:\Users\after\AppData\Local\Temp\surefire8426268183301737586\surefirebooter1487825207959549555.jar"/>
    <property name="sun.boot.class.path" value="E:\jdk8\jre\lib\resources.jar;E:\jdk8\jre\lib\rt.jar;E:\jdk8\jre\lib\sunrsasign.jar;E:\jdk8\jre\lib\jsse.jar;E:\jdk8\jre\lib\jce.jar;E:\jdk8\jre\lib\charsets.jar;E:\jdk8\jre\lib\jfr.jar;E:\jdk8\jre\classes"/>
    <property name="user.script" value=""/>
    <property name="sun.management.compiler" value="HotSpot 64-Bit Tiered Compilers"/>
    <property name="java.runtime.version" value="1.8.0_301-b09"/>
    <property name="user.name" value="after"/>
    <property name="path.separator" value=";"/>
    <property name="os.version" value="10.0"/>
    <property name="java.endorsed.dirs" value="E:\jdk8\jre\lib\endorsed"/>
    <property name="java.runtime.name" value="Java(TM) SE Runtime Environment"/>
    <property name="file.encoding" value="GBK"/>
    <property name="java.vm.name" value="Java HotSpot(TM) 64-Bit Server VM"/>
    <property name="localRepository" value="E:\repo"/>
    <property name="java.vendor.url.bug" value="http://bugreport.sun.com/bugreport/"/>
    <property name="java.io.tmpdir" value="C:\Users\after\AppData\Local\Temp\"/>
    <property name="idea.version" value="2021.3.2"/>
    <property name="java.version" value="1.8.0_301"/>
    <property name="user.dir" value="E:\newPro\myspring"/>
    <property name="os.arch" value="amd64"/>
    <property name="java.vm.specification.name" value="Java Virtual Machine Specification"/>
    <property name="java.awt.printerjob" value="sun.awt.windows.WPrinterJob"/>
    <property name="sun.os.patch.level" value=""/>
    <property name="java.library.path" value="E:\jdk8\jre\bin;C:\Windows\Sun\Java\bin;C:\Windows\system32;C:\Windows;D:\GlobalScoopApps\apps\maven\current\bin;D:\GlobalScoopApps\shims;C:\Program Files\NVIDIA GPU Computing Toolkit\CUDA\v11.4\bin;C:\Program Files\NVIDIA GPU Computing Toolkit\CUDA\v11.4\libnvvp;C:\Program Files (x86)\Common Files\Oracle\Java\javapath;C:\Windows\system32;C:\Windows;C:\Windows\System32\Wbem;C:\Windows\System32\WindowsPowerShell\v1.0\;C:\Windows\System32\OpenSSH\;C:\Program Files\NVIDIA Corporation\NVIDIA NvDLISR;E:\nodejs\;C:\Program Files\NVIDIA Corporation\Nsight Compute 2021.2.2\;E:\py36;E:\py36\Scripts;C:\Program Files (x86)\NVIDIA Corporation\PhysX\Common;E:\Git\cmd;E:\apache-maven-3.8.4\bin;D:\Applications\Scoop\shims;C:\Users\after\scoop\shims;C:\Users\after\AppData\Local\Microsoft\WindowsApps;C:\Users\after\AppData\Roaming\npm;E:\Microsoft VS Code\bin;E:\jdk8\bin\bin;E:\jdk8\bin\jre\bin;;."/>
    <property name="java.vm.info" value="mixed mode"/>
    <property name="java.vendor" value="Oracle Corporation"/>
    <property name="java.vm.version" value="25.301-b09"/>
    <property name="java.ext.dirs" value="E:\jdk8\jre\lib\ext;C:\Windows\Sun\Java\lib\ext"/>
    <property name="sun.io.unicode.encoding" value="UnicodeLittle"/>
    <property name="java.class.version" value="52.0"/>
  </properties>
  <testcase name="testApp" classname="com.wck.AppTest" time="0.001"/>
</testsuite>